Defaulting to user installation because normal site-packages is not writeable
Requirement already satisfied: pip in /csehome/m22cs057/.local/lib/python3.10/site-packages (24.0)
You passed along `num_labels=3` with an incompatible id to label map: {'0': 'LABEL_0', '1': 'LABEL_1'}. The number of labels wil be overwritten to 2.
train data length before sampling: 17056
train data length after sampling: 10000
val data length: 3809

Map:   0%|          | 0/10000 [00:00<?, ? examples/s]
Map:  10%|█         | 1000/10000 [00:00<00:03, 2945.39 examples/s]
Map:  20%|██        | 2000/10000 [00:00<00:03, 2269.42 examples/s]
Map:  30%|███       | 3000/10000 [00:01<00:02, 2610.74 examples/s]
Map:  40%|████      | 4000/10000 [00:01<00:02, 2803.56 examples/s]
Map:  50%|█████     | 5000/10000 [00:01<00:01, 2897.86 examples/s]
Map:  60%|██████    | 6000/10000 [00:02<00:01, 2983.89 examples/s]
Map:  70%|███████   | 7000/10000 [00:02<00:00, 3031.70 examples/s]
Map:  80%|████████  | 8000/10000 [00:02<00:00, 3045.25 examples/s]
Map:  90%|█████████ | 9000/10000 [00:03<00:00, 3054.33 examples/s]
Map: 100%|██████████| 10000/10000 [00:03<00:00, 3074.43 examples/s]
Map: 100%|██████████| 10000/10000 [00:03<00:00, 2850.74 examples/s]
Detected kernel version 4.18.0, which is below the recommended minimum of 5.5.0; this can cause the process to hang. It is recommended to upgrade the kernel to the minimum version or higher.

  0%|          | 0/60 [00:00<?, ?it/s]
  3%|▎         | 2/60 [00:01<00:29,  1.96it/s]
  5%|▌         | 3/60 [00:02<00:41,  1.39it/s]
  7%|▋         | 4/60 [00:03<00:46,  1.20it/s]
  8%|▊         | 5/60 [00:04<00:49,  1.12it/s]
 10%|█         | 6/60 [00:05<00:50,  1.07it/s]
 12%|█▏        | 7/60 [00:06<00:50,  1.05it/s]
 13%|█▎        | 8/60 [00:07<00:50,  1.03it/s]
 15%|█▌        | 9/60 [00:08<00:50,  1.02it/s]
 17%|█▋        | 10/60 [00:09<00:49,  1.01it/s]
 18%|█▊        | 11/60 [00:10<00:48,  1.00it/s]
 20%|██        | 12/60 [00:11<00:48,  1.00s/it]
 22%|██▏       | 13/60 [00:12<00:47,  1.01s/it]
 23%|██▎       | 14/60 [00:13<00:46,  1.01s/it]
 25%|██▌       | 15/60 [00:14<00:45,  1.01s/it]
 27%|██▋       | 16/60 [00:15<00:44,  1.01s/it]
 28%|██▊       | 17/60 [00:16<00:43,  1.01s/it]
 30%|███       | 18/60 [00:17<00:42,  1.01s/it]
 32%|███▏      | 19/60 [00:18<00:41,  1.01s/it]
 33%|███▎      | 20/60 [00:19<00:40,  1.01s/it]
 35%|███▌      | 21/60 [00:20<00:40,  1.04s/it]
 37%|███▋      | 22/60 [00:21<00:39,  1.04s/it]
 38%|███▊      | 23/60 [00:22<00:38,  1.03s/it]
 40%|████      | 24/60 [00:23<00:36,  1.03s/it]
 42%|████▏     | 25/60 [00:24<00:35,  1.02s/it]
 43%|████▎     | 26/60 [00:25<00:34,  1.02s/it]
 45%|████▌     | 27/60 [00:26<00:33,  1.02s/it]
 47%|████▋     | 28/60 [00:27<00:33,  1.05s/it]
 48%|████▊     | 29/60 [00:28<00:32,  1.05s/it]
 50%|█████     | 30/60 [00:29<00:31,  1.04s/it]
 52%|█████▏    | 31/60 [00:30<00:29,  1.03s/it]
 53%|█████▎    | 32/60 [00:31<00:28,  1.03s/it]
 55%|█████▌    | 33/60 [00:32<00:28,  1.07s/it]
 57%|█████▋    | 34/60 [00:33<00:27,  1.06s/it]
 58%|█████▊    | 35/60 [00:34<00:26,  1.05s/it]
 60%|██████    | 36/60 [00:35<00:24,  1.04s/it]
 62%|██████▏   | 37/60 [00:36<00:23,  1.03s/it]
 63%|██████▎   | 38/60 [00:38<00:24,  1.12s/it]
 65%|██████▌   | 39/60 [00:39<00:23,  1.10s/it]
 67%|██████▋   | 40/60 [00:40<00:21,  1.07s/it]
 68%|██████▊   | 41/60 [00:41<00:20,  1.06s/it]
 70%|███████   | 42/60 [00:42<00:20,  1.15s/it]
 72%|███████▏  | 43/60 [00:43<00:19,  1.12s/it]
 73%|███████▎  | 44/60 [00:44<00:17,  1.09s/it]
 75%|███████▌  | 45/60 [00:45<00:16,  1.07s/it]
 77%|███████▋  | 46/60 [00:47<00:15,  1.12s/it]
 78%|███████▊  | 47/60 [00:48<00:14,  1.10s/it]
 80%|████████  | 48/60 [00:49<00:12,  1.08s/it]
 82%|████████▏ | 49/60 [00:50<00:12,  1.13s/it]
 83%|████████▎ | 50/60 [00:51<00:11,  1.11s/it]
 85%|████████▌ | 51/60 [00:52<00:09,  1.08s/it]
 87%|████████▋ | 52/60 [00:53<00:09,  1.14s/it]
 88%|████████▊ | 53/60 [00:54<00:07,  1.11s/it]
 90%|█████████ | 54/60 [00:55<00:06,  1.09s/it]
 92%|█████████▏| 55/60 [00:57<00:05,  1.15s/it]
 93%|█████████▎| 56/60 [00:58<00:04,  1.12s/it]
 95%|█████████▌| 57/60 [00:59<00:03,  1.09s/it]
 97%|█████████▋| 58/60 [01:00<00:02,  1.16s/it]
 98%|█████████▊| 59/60 [01:01<00:01,  1.12s/it]
100%|██████████| 60/60 [01:02<00:00,  1.04s/it]
100%|██████████| 60/60 [01:03<00:00,  1.06s/it]

  0%|          | 0/3809 [00:00<?, ?it/s]
  2%|▏         | 94/3809 [00:00<00:03, 934.59it/s]
  5%|▍         | 188/3809 [00:00<00:03, 913.42it/s]
  7%|▋         | 280/3809 [00:00<00:03, 885.09it/s]
 10%|▉         | 369/3809 [00:00<00:03, 885.34it/s]
 12%|█▏        | 462/3809 [00:00<00:03, 900.68it/s]
 15%|█▍        | 555/3809 [00:00<00:03, 909.89it/s]
 17%|█▋        | 647/3809 [00:00<00:03, 883.63it/s]
 19%|█▉        | 736/3809 [00:00<00:03, 880.70it/s]
 22%|██▏       | 825/3809 [00:00<00:03, 876.61it/s]
 24%|██▍       | 915/3809 [00:01<00:03, 883.10it/s]
 26%|██▋       | 1007/3809 [00:01<00:03, 892.50it/s]
 29%|██▉       | 1097/3809 [00:01<00:03, 892.25it/s]
 31%|███       | 1187/3809 [00:01<00:02, 889.36it/s]
 33%|███▎      | 1276/3809 [00:01<00:02, 883.86it/s]
 36%|███▌      | 1367/3809 [00:01<00:02, 890.39it/s]
 38%|███▊      | 1457/3809 [00:01<00:02, 893.23it/s]
 41%|████      | 1547/3809 [00:01<00:02, 888.52it/s]
 43%|████▎     | 1636/3809 [00:01<00:02, 888.50it/s]
 45%|████▌     | 1725/3809 [00:01<00:02, 888.39it/s]
 48%|████▊     | 1816/3809 [00:02<00:02, 894.66it/s]
 50%|█████     | 1908/3809 [00:02<00:02, 899.08it/s]
 52%|█████▏    | 1998/3809 [00:02<00:02, 889.07it/s]
 55%|█████▍    | 2087/3809 [00:02<00:01, 880.95it/s]
 57%|█████▋    | 2177/3809 [00:02<00:01, 885.49it/s]
 59%|█████▉    | 2266/3809 [00:02<00:01, 885.29it/s]
 62%|██████▏   | 2358/3809 [00:02<00:01, 893.32it/s]
 64%|██████▍   | 2456/3809 [00:02<00:01, 918.84it/s]
 67%|██████▋   | 2550/3809 [00:02<00:01, 924.21it/s]
 69%|██████▉   | 2643/3809 [00:02<00:01, 918.61it/s]
 72%|███████▏  | 2735/3809 [00:03<00:01, 902.07it/s]
 74%|███████▍  | 2826/3809 [00:03<00:01, 900.29it/s]
 77%|███████▋  | 2917/3809 [00:03<00:01, 886.41it/s]
 79%|███████▉  | 3006/3809 [00:03<00:00, 875.06it/s]
 81%|████████▏ | 3097/3809 [00:03<00:00, 884.32it/s]
 84%|████████▎ | 3190/3809 [00:03<00:00, 896.50it/s]
 86%|████████▌ | 3282/3809 [00:03<00:00, 902.55it/s]
 89%|████████▊ | 3373/3809 [00:03<00:00, 900.79it/s]
 91%|█████████ | 3464/3809 [00:03<00:00, 898.02it/s]
 93%|█████████▎| 3554/3809 [00:03<00:00, 896.23it/s]
 96%|█████████▌| 3644/3809 [00:04<00:00, 895.75it/s]
 98%|█████████▊| 3735/3809 [00:04<00:00, 897.23it/s]
100%|██████████| 3809/3809 [00:04<00:00, 894.25it/s]
Actual: {'id': 'ctnk84gy3t6wdijv', 'answers': {'text': ['Effective July 20, 2012 (last updated October 08, 2013)'], 'answer_start': [63]}}
Predicted: {'id': 'ctnk84gy3t6wdijv', 'prediction_text': 'Effective July 20, 2012 (last updated October 08, 2013)'}
{'exact_match': 22.105539511682856, 'f1': 52.31385745798902}
{'bleu': tensor(0.1758), 'sacre_bleu_score': tensor(0.1869)}
